Build started 09.05.2015 18:09:01.
     1>Project "C:\DEV\c++\ViewEngine\ViewEngine.vcxproj" on node 2 (Build target(s)).
     1>ClCompile:
         C:\Program Files (x86)\Microsoft Visual Studio 14.0\VC\bin\CL.exe /c /Zi /nologo /W0 /WX- /Ox /Ob2 /Ot /Oy- /D WIN32 /D NDEBUG /D _CONSOLE /Gm- /EHsc /MD /GS /fp:precise /Zc:wchar_t /Zc:forScope /Fo"Release\\" /Fd"Release\vc140.pdb" /Gd /TP /analyze- /errorReport:prompt view\FogDrawler.cpp
         FogDrawler.cpp
       Link:
         C:\Program Files (x86)\Microsoft Visual Studio 14.0\VC\bin\link.exe /ERRORREPORT:PROMPT /OUT:"C:\DEV\c++\ViewEngine\Release\ViewEngine.exe" /INCREMENTAL /NOLOGO SDL2main.lib SDL2.lib SDL2_image.lib SDL2_ttf.lib opengl32.lib glew32.lib kernel32.lib user32.lib gdi32.lib winspool.lib comdlg32.lib advapi32.lib shell32.lib ole32.lib oleaut32.lib uuid.lib odbc32.lib odbccp32.lib kernel32.lib user32.lib gdi32.lib winspool.lib comdlg32.lib advapi32.lib shell32.lib ole32.lib oleaut32.lib uuid.lib odbc32.lib odbccp32.lib /MANIFEST /MANIFESTUAC:"level='asInvoker' uiAccess='false'" /manifest:embed /Debug /PDB:"C:\DEV\c++\ViewEngine\Release\ViewEngine.pdb" /SUBSYSTEM:CONSOLE /OPT:REF /OPT:ICF /TLBID:1 /DYNAMICBASE /NXCOMPAT /IMPLIB:"C:\DEV\c++\ViewEngine\Release\ViewEngine.lib" /MACHINE:X86 /SAFESEH Release\Base.obj
         Release\Eventer.obj
         Release\FileLoader.obj
         Release\FileParser.obj
         Release\mat.obj
         Release\vec.obj
         Release\AnimGL.obj
         Release\Blurer.obj
         Release\DrawableGL.obj
         Release\PassGL.obj
         Release\TexturesGL.obj
         Release\ViewModelsGL.obj
         Release\WindowGL.obj
         Release\GUIProcessor.obj
         Release\Camera.obj
         Release\Models.obj
         Release\Textures.obj
         Release\ViewModels.obj
         Release\main.obj
         Release\DrawlerDeffered.obj
         Release\HeighMapDrawler.obj
         Release\SelectionDrawler.obj
         Release\ViewEngineGL.obj
         Release\WaterSimulator.obj
         Release\FogDrawler.obj
     1>LINK : warning LNK4075: ignoring '/INCREMENTAL' due to '/OPT:ICF' specification
         ViewEngine.vcxproj -> C:\DEV\c++\ViewEngine\Release\ViewEngine.exe
     1>Done Building Project "C:\DEV\c++\ViewEngine\ViewEngine.vcxproj" (Build target(s)).

Build succeeded.

Time Elapsed 00:00:01.15
